<?xml version="1.0" encoding="UTF-8"?>
<testsuite xmlns:xsi="http://www.w3.org/2001/XMLSchema-instance" xsi:noNamespaceSchemaLocation="https://maven.apache.org/surefire/maven-surefire-plugin/xsd/surefire-test-report.xsd" name="com.athhw.springboot003config.Springboot003ConfigApplicationTests" time="2.912" tests="2" errors="0" skipped="0" failures="0">
  <properties>
    <property name="sun.desktop" value="windows"/>
    <property name="awt.toolkit" value="sun.awt.windows.WToolkit"/>
    <property name="file.encoding.pkg" value="sun.io"/>
    <property name="java.specification.version" value="1.8"/>
    <property name="sun.cpu.isalist" value="amd64"/>
    <property name="sun.jnu.encoding" value="GBK"/>
    <property name="java.class.path" value="D:\GitHub\Java_study\Spring_boot\springboot003-config\target\test-classes;D:\GitHub\Java_study\Spring_boot\springboot003-config\target\classes;C:\apache-maven-3.3.9\Repository\org\springframework\boot\spring-boot-starter-web\2.2.1.RELEASE\spring-boot-starter-web-2.2.1.RELEASE.jar;C:\apache-maven-3.3.9\Repository\org\springframework\boot\spring-boot-starter\2.2.1.RELEASE\spring-boot-starter-2.2.1.RELEASE.jar;C:\apache-maven-3.3.9\Repository\org\springframework\boot\spring-boot\2.2.1.RELEASE\spring-boot-2.2.1.RELEASE.jar;C:\apache-maven-3.3.9\Repository\org\springframework\boot\spring-boot-autoconfigure\2.2.1.RELEASE\spring-boot-autoconfigure-2.2.1.RELEASE.jar;C:\apache-maven-3.3.9\Repository\org\springframework\boot\spring-boot-starter-logging\2.2.1.RELEASE\spring-boot-starter-logging-2.2.1.RELEASE.jar;C:\apache-maven-3.3.9\Repository\ch\qos\logback\logback-classic\1.2.3\logback-classic-1.2.3.jar;C:\apache-maven-3.3.9\Repository\ch\qos\logback\logback-core\1.2.3\logback-core-1.2.3.jar;C:\apache-maven-3.3.9\Repository\org\apache\logging\log4j\log4j-to-slf4j\2.12.1\log4j-to-slf4j-2.12.1.jar;C:\apache-maven-3.3.9\Repository\org\apache\logging\log4j\log4j-api\2.12.1\log4j-api-2.12.1.jar;C:\apache-maven-3.3.9\Repository\org\slf4j\jul-to-slf4j\1.7.29\jul-to-slf4j-1.7.29.jar;C:\apache-maven-3.3.9\Repository\jakarta\annotation\jakarta.annotation-api\1.3.5\jakarta.annotation-api-1.3.5.jar;C:\apache-maven-3.3.9\Repository\org\yaml\snakeyaml\1.25\snakeyaml-1.25.jar;C:\apache-maven-3.3.9\Repository\org\springframework\boot\spring-boot-starter-json\2.2.1.RELEASE\spring-boot-starter-json-2.2.1.RELEASE.jar;C:\apache-maven-3.3.9\Repository\com\fasterxml\jackson\core\jackson-databind\2.10.0\jackson-databind-2.10.0.jar;C:\apache-maven-3.3.9\Repository\com\fasterxml\jackson\core\jackson-annotations\2.10.0\jackson-annotations-2.10.0.jar;C:\apache-maven-3.3.9\Repository\com\fasterxml\jackson\core\jackson-core\2.10.0\jackson-core-2.10.0.jar;C:\apache-maven-3.3.9\Repository\com\fasterxml\jackson\datatype\jackson-datatype-jdk8\2.10.0\jackson-datatype-jdk8-2.10.0.jar;C:\apache-maven-3.3.9\Repository\com\fasterxml\jackson\datatype\jackson-datatype-jsr310\2.10.0\jackson-datatype-jsr310-2.10.0.jar;C:\apache-maven-3.3.9\Repository\com\fasterxml\jackson\module\jackson-module-parameter-names\2.10.0\jackson-module-parameter-names-2.10.0.jar;C:\apache-maven-3.3.9\Repository\org\springframework\boot\spring-boot-starter-tomcat\2.2.1.RELEASE\spring-boot-starter-tomcat-2.2.1.RELEASE.jar;C:\apache-maven-3.3.9\Repository\org\apache\tomcat\embed\tomcat-embed-core\9.0.27\tomcat-embed-core-9.0.27.jar;C:\apache-maven-3.3.9\Repository\org\apache\tomcat\embed\tomcat-embed-el\9.0.27\tomcat-embed-el-9.0.27.jar;C:\apache-maven-3.3.9\Repository\org\apache\tomcat\embed\tomcat-embed-websocket\9.0.27\tomcat-embed-websocket-9.0.27.jar;C:\apache-maven-3.3.9\Repository\org\springframework\boot\spring-boot-starter-validation\2.2.1.RELEASE\spring-boot-starter-validation-2.2.1.RELEASE.jar;C:\apache-maven-3.3.9\Repository\jakarta\validation\jakarta.validation-api\2.0.1\jakarta.validation-api-2.0.1.jar;C:\apache-maven-3.3.9\Repository\org\hibernate\validator\hibernate-validator\6.0.18.Final\hibernate-validator-6.0.18.Final.jar;C:\apache-maven-3.3.9\Repository\org\jboss\logging\jboss-logging\3.4.1.Final\jboss-logging-3.4.1.Final.jar;C:\apache-maven-3.3.9\Repository\com\fasterxml\classmate\1.5.1\classmate-1.5.1.jar;C:\apache-maven-3.3.9\Repository\org\springframework\spring-web\5.2.1.RELEASE\spring-web-5.2.1.RELEASE.jar;C:\apache-maven-3.3.9\Repository\org\springframework\spring-beans\5.2.1.RELEASE\spring-beans-5.2.1.RELEASE.jar;C:\apache-maven-3.3.9\Repository\org\springframework\spring-webmvc\5.2.1.RELEASE\spring-webmvc-5.2.1.RELEASE.jar;C:\apache-maven-3.3.9\Repository\org\springframework\spring-aop\5.2.1.RELEASE\spring-aop-5.2.1.RELEASE.jar;C:\apache-maven-3.3.9\Repository\org\springframework\spring-context\5.2.1.RELEASE\spring-context-5.2.1.RELEASE.jar;C:\apache-maven-3.3.9\Repository\org\springframework\spring-expression\5.2.1.RELEASE\spring-expression-5.2.1.RELEASE.jar;C:\apache-maven-3.3.9\Repository\org\springframework\boot\spring-boot-starter-test\2.2.1.RELEASE\spring-boot-starter-test-2.2.1.RELEASE.jar;C:\apache-maven-3.3.9\Repository\org\springframework\boot\spring-boot-test\2.2.1.RELEASE\spring-boot-test-2.2.1.RELEASE.jar;C:\apache-maven-3.3.9\Repository\org\springframework\boot\spring-boot-test-autoconfigure\2.2.1.RELEASE\spring-boot-test-autoconfigure-2.2.1.RELEASE.jar;C:\apache-maven-3.3.9\Repository\com\jayway\jsonpath\json-path\2.4.0\json-path-2.4.0.jar;C:\apache-maven-3.3.9\Repository\net\minidev\json-smart\2.3\json-smart-2.3.jar;C:\apache-maven-3.3.9\Repository\net\minidev\accessors-smart\1.2\accessors-smart-1.2.jar;C:\apache-maven-3.3.9\Repository\org\ow2\asm\asm\5.0.4\asm-5.0.4.jar;C:\apache-maven-3.3.9\Repository\org\slf4j\slf4j-api\1.7.29\slf4j-api-1.7.29.jar;C:\apache-maven-3.3.9\Repository\jakarta\xml\bind\jakarta.xml.bind-api\2.3.2\jakarta.xml.bind-api-2.3.2.jar;C:\apache-maven-3.3.9\Repository\jakarta\activation\jakarta.activation-api\1.2.1\jakarta.activation-api-1.2.1.jar;C:\apache-maven-3.3.9\Repository\org\junit\jupiter\junit-jupiter\5.5.2\junit-jupiter-5.5.2.jar;C:\apache-maven-3.3.9\Repository\org\junit\jupiter\junit-jupiter-api\5.5.2\junit-jupiter-api-5.5.2.jar;C:\apache-maven-3.3.9\Repository\org\apiguardian\apiguardian-api\1.1.0\apiguardian-api-1.1.0.jar;C:\apache-maven-3.3.9\Repository\org\opentest4j\opentest4j\1.2.0\opentest4j-1.2.0.jar;C:\apache-maven-3.3.9\Repository\org\junit\platform\junit-platform-commons\1.5.2\junit-platform-commons-1.5.2.jar;C:\apache-maven-3.3.9\Repository\org\junit\jupiter\junit-jupiter-params\5.5.2\junit-jupiter-params-5.5.2.jar;C:\apache-maven-3.3.9\Repository\org\junit\jupiter\junit-jupiter-engine\5.5.2\junit-jupiter-engine-5.5.2.jar;C:\apache-maven-3.3.9\Repository\org\junit\platform\junit-platform-engine\1.5.2\junit-platform-engine-1.5.2.jar;C:\apache-maven-3.3.9\Repository\org\mockito\mockito-junit-jupiter\3.1.0\mockito-junit-jupiter-3.1.0.jar;C:\apache-maven-3.3.9\Repository\org\assertj\assertj-core\3.13.2\assertj-core-3.13.2.jar;C:\apache-maven-3.3.9\Repository\org\hamcrest\hamcrest\2.1\hamcrest-2.1.jar;C:\apache-maven-3.3.9\Repository\org\mockito\mockito-core\3.1.0\mockito-core-3.1.0.jar;C:\apache-maven-3.3.9\Repository\net\bytebuddy\byte-buddy\1.10.2\byte-buddy-1.10.2.jar;C:\apache-maven-3.3.9\Repository\net\bytebuddy\byte-buddy-agent\1.10.2\byte-buddy-agent-1.10.2.jar;C:\apache-maven-3.3.9\Repository\org\objenesis\objenesis\2.6\objenesis-2.6.jar;C:\apache-maven-3.3.9\Repository\org\skyscreamer\jsonassert\1.5.0\jsonassert-1.5.0.jar;C:\apache-maven-3.3.9\Repository\com\vaadin\external\google\android-json\0.0.20131108.vaadin1\android-json-0.0.20131108.vaadin1.jar;C:\apache-maven-3.3.9\Repository\org\springframework\spring-core\5.2.1.RELEASE\spring-core-5.2.1.RELEASE.jar;C:\apache-maven-3.3.9\Repository\org\springframework\spring-jcl\5.2.1.RELEASE\spring-jcl-5.2.1.RELEASE.jar;C:\apache-maven-3.3.9\Repository\org\springframework\spring-test\5.2.1.RELEASE\spring-test-5.2.1.RELEASE.jar;C:\apache-maven-3.3.9\Repository\org\xmlunit\xmlunit-core\2.6.3\xmlunit-core-2.6.3.jar;C:\apache-maven-3.3.9\Repository\org\springframework\boot\spring-boot-configuration-processor\2.2.1.RELEASE\spring-boot-configuration-processor-2.2.1.RELEASE.jar;"/>
    <property name="java.vm.vendor" value="Oracle Corporation"/>
    <property name="sun.arch.data.model" value="64"/>
    <property name="user.variant" value=""/>
    <property name="java.vendor.url" value="http://java.oracle.com/"/>
    <property name="user.timezone" value="Asia/Taipei"/>
    <property name="java.vm.specification.version" value="1.8"/>
    <property name="os.name" value="Windows 10"/>
    <property name="user.country" value="CN"/>
    <property name="sun.java.launcher" value="SUN_STANDARD"/>
    <property name="sun.boot.library.path" value="C:\jdk1.8.0_211\jre\bin"/>
    <property name="sun.java.command" value="C:\Users\hhw\AppData\Local\Temp\surefire1400743756226298562\surefirebooter2046613677637352183.jar C:\Users\hhw\AppData\Local\Temp\surefire1400743756226298562 2019-12-04T20-09-19_872-jvmRun1 surefire6091381031989349769tmp surefire_05574693147386299064tmp"/>
    <property name="surefire.test.class.path" value="D:\GitHub\Java_study\Spring_boot\springboot003-config\target\test-classes;D:\GitHub\Java_study\Spring_boot\springboot003-config\target\classes;C:\apache-maven-3.3.9\Repository\org\springframework\boot\spring-boot-starter-web\2.2.1.RELEASE\spring-boot-starter-web-2.2.1.RELEASE.jar;C:\apache-maven-3.3.9\Repository\org\springframework\boot\spring-boot-starter\2.2.1.RELEASE\spring-boot-starter-2.2.1.RELEASE.jar;C:\apache-maven-3.3.9\Repository\org\springframework\boot\spring-boot\2.2.1.RELEASE\spring-boot-2.2.1.RELEASE.jar;C:\apache-maven-3.3.9\Repository\org\springframework\boot\spring-boot-autoconfigure\2.2.1.RELEASE\spring-boot-autoconfigure-2.2.1.RELEASE.jar;C:\apache-maven-3.3.9\Repository\org\springframework\boot\spring-boot-starter-logging\2.2.1.RELEASE\spring-boot-starter-logging-2.2.1.RELEASE.jar;C:\apache-maven-3.3.9\Repository\ch\qos\logback\logback-classic\1.2.3\logback-classic-1.2.3.jar;C:\apache-maven-3.3.9\Repository\ch\qos\logback\logback-core\1.2.3\logback-core-1.2.3.jar;C:\apache-maven-3.3.9\Repository\org\apache\logging\log4j\log4j-to-slf4j\2.12.1\log4j-to-slf4j-2.12.1.jar;C:\apache-maven-3.3.9\Repository\org\apache\logging\log4j\log4j-api\2.12.1\log4j-api-2.12.1.jar;C:\apache-maven-3.3.9\Repository\org\slf4j\jul-to-slf4j\1.7.29\jul-to-slf4j-1.7.29.jar;C:\apache-maven-3.3.9\Repository\jakarta\annotation\jakarta.annotation-api\1.3.5\jakarta.annotation-api-1.3.5.jar;C:\apache-maven-3.3.9\Repository\org\yaml\snakeyaml\1.25\snakeyaml-1.25.jar;C:\apache-maven-3.3.9\Repository\org\springframework\boot\spring-boot-starter-json\2.2.1.RELEASE\spring-boot-starter-json-2.2.1.RELEASE.jar;C:\apache-maven-3.3.9\Repository\com\fasterxml\jackson\core\jackson-databind\2.10.0\jackson-databind-2.10.0.jar;C:\apache-maven-3.3.9\Repository\com\fasterxml\jackson\core\jackson-annotations\2.10.0\jackson-annotations-2.10.0.jar;C:\apache-maven-3.3.9\Repository\com\fasterxml\jackson\core\jackson-core\2.10.0\jackson-core-2.10.0.jar;C:\apache-maven-3.3.9\Repository\com\fasterxml\jackson\datatype\jackson-datatype-jdk8\2.10.0\jackson-datatype-jdk8-2.10.0.jar;C:\apache-maven-3.3.9\Repository\com\fasterxml\jackson\datatype\jackson-datatype-jsr310\2.10.0\jackson-datatype-jsr310-2.10.0.jar;C:\apache-maven-3.3.9\Repository\com\fasterxml\jackson\module\jackson-module-parameter-names\2.10.0\jackson-module-parameter-names-2.10.0.jar;C:\apache-maven-3.3.9\Repository\org\springframework\boot\spring-boot-starter-tomcat\2.2.1.RELEASE\spring-boot-starter-tomcat-2.2.1.RELEASE.jar;C:\apache-maven-3.3.9\Repository\org\apache\tomcat\embed\tomcat-embed-core\9.0.27\tomcat-embed-core-9.0.27.jar;C:\apache-maven-3.3.9\Repository\org\apache\tomcat\embed\tomcat-embed-el\9.0.27\tomcat-embed-el-9.0.27.jar;C:\apache-maven-3.3.9\Repository\org\apache\tomcat\embed\tomcat-embed-websocket\9.0.27\tomcat-embed-websocket-9.0.27.jar;C:\apache-maven-3.3.9\Repository\org\springframework\boot\spring-boot-starter-validation\2.2.1.RELEASE\spring-boot-starter-validation-2.2.1.RELEASE.jar;C:\apache-maven-3.3.9\Repository\jakarta\validation\jakarta.validation-api\2.0.1\jakarta.validation-api-2.0.1.jar;C:\apache-maven-3.3.9\Repository\org\hibernate\validator\hibernate-validator\6.0.18.Final\hibernate-validator-6.0.18.Final.jar;C:\apache-maven-3.3.9\Repository\org\jboss\logging\jboss-logging\3.4.1.Final\jboss-logging-3.4.1.Final.jar;C:\apache-maven-3.3.9\Repository\com\fasterxml\classmate\1.5.1\classmate-1.5.1.jar;C:\apache-maven-3.3.9\Repository\org\springframework\spring-web\5.2.1.RELEASE\spring-web-5.2.1.RELEASE.jar;C:\apache-maven-3.3.9\Repository\org\springframework\spring-beans\5.2.1.RELEASE\spring-beans-5.2.1.RELEASE.jar;C:\apache-maven-3.3.9\Repository\org\springframework\spring-webmvc\5.2.1.RELEASE\spring-webmvc-5.2.1.RELEASE.jar;C:\apache-maven-3.3.9\Repository\org\springframework\spring-aop\5.2.1.RELEASE\spring-aop-5.2.1.RELEASE.jar;C:\apache-maven-3.3.9\Repository\org\springframework\spring-context\5.2.1.RELEASE\spring-context-5.2.1.RELEASE.jar;C:\apache-maven-3.3.9\Repository\org\springframework\spring-expression\5.2.1.RELEASE\spring-expression-5.2.1.RELEASE.jar;C:\apache-maven-3.3.9\Repository\org\springframework\boot\spring-boot-starter-test\2.2.1.RELEASE\spring-boot-starter-test-2.2.1.RELEASE.jar;C:\apache-maven-3.3.9\Repository\org\springframework\boot\spring-boot-test\2.2.1.RELEASE\spring-boot-test-2.2.1.RELEASE.jar;C:\apache-maven-3.3.9\Repository\org\springframework\boot\spring-boot-test-autoconfigure\2.2.1.RELEASE\spring-boot-test-autoconfigure-2.2.1.RELEASE.jar;C:\apache-maven-3.3.9\Repository\com\jayway\jsonpath\json-path\2.4.0\json-path-2.4.0.jar;C:\apache-maven-3.3.9\Repository\net\minidev\json-smart\2.3\json-smart-2.3.jar;C:\apache-maven-3.3.9\Repository\net\minidev\accessors-smart\1.2\accessors-smart-1.2.jar;C:\apache-maven-3.3.9\Repository\org\ow2\asm\asm\5.0.4\asm-5.0.4.jar;C:\apache-maven-3.3.9\Repository\org\slf4j\slf4j-api\1.7.29\slf4j-api-1.7.29.jar;C:\apache-maven-3.3.9\Repository\jakarta\xml\bind\jakarta.xml.bind-api\2.3.2\jakarta.xml.bind-api-2.3.2.jar;C:\apache-maven-3.3.9\Repository\jakarta\activation\jakarta.activation-api\1.2.1\jakarta.activation-api-1.2.1.jar;C:\apache-maven-3.3.9\Repository\org\junit\jupiter\junit-jupiter\5.5.2\junit-jupiter-5.5.2.jar;C:\apache-maven-3.3.9\Repository\org\junit\jupiter\junit-jupiter-api\5.5.2\junit-jupiter-api-5.5.2.jar;C:\apache-maven-3.3.9\Repository\org\apiguardian\apiguardian-api\1.1.0\apiguardian-api-1.1.0.jar;C:\apache-maven-3.3.9\Repository\org\opentest4j\opentest4j\1.2.0\opentest4j-1.2.0.jar;C:\apache-maven-3.3.9\Repository\org\junit\platform\junit-platform-commons\1.5.2\junit-platform-commons-1.5.2.jar;C:\apache-maven-3.3.9\Repository\org\junit\jupiter\junit-jupiter-params\5.5.2\junit-jupiter-params-5.5.2.jar;C:\apache-maven-3.3.9\Repository\org\junit\jupiter\junit-jupiter-engine\5.5.2\junit-jupiter-engine-5.5.2.jar;C:\apache-maven-3.3.9\Repository\org\junit\platform\junit-platform-engine\1.5.2\junit-platform-engine-1.5.2.jar;C:\apache-maven-3.3.9\Repository\org\mockito\mockito-junit-jupiter\3.1.0\mockito-junit-jupiter-3.1.0.jar;C:\apache-maven-3.3.9\Repository\org\assertj\assertj-core\3.13.2\assertj-core-3.13.2.jar;C:\apache-maven-3.3.9\Repository\org\hamcrest\hamcrest\2.1\hamcrest-2.1.jar;C:\apache-maven-3.3.9\Repository\org\mockito\mockito-core\3.1.0\mockito-core-3.1.0.jar;C:\apache-maven-3.3.9\Repository\net\bytebuddy\byte-buddy\1.10.2\byte-buddy-1.10.2.jar;C:\apache-maven-3.3.9\Repository\net\bytebuddy\byte-buddy-agent\1.10.2\byte-buddy-agent-1.10.2.jar;C:\apache-maven-3.3.9\Repository\org\objenesis\objenesis\2.6\objenesis-2.6.jar;C:\apache-maven-3.3.9\Repository\org\skyscreamer\jsonassert\1.5.0\jsonassert-1.5.0.jar;C:\apache-maven-3.3.9\Repository\com\vaadin\external\google\android-json\0.0.20131108.vaadin1\android-json-0.0.20131108.vaadin1.jar;C:\apache-maven-3.3.9\Repository\org\springframework\spring-core\5.2.1.RELEASE\spring-core-5.2.1.RELEASE.jar;C:\apache-maven-3.3.9\Repository\org\springframework\spring-jcl\5.2.1.RELEASE\spring-jcl-5.2.1.RELEASE.jar;C:\apache-maven-3.3.9\Repository\org\springframework\spring-test\5.2.1.RELEASE\spring-test-5.2.1.RELEASE.jar;C:\apache-maven-3.3.9\Repository\org\xmlunit\xmlunit-core\2.6.3\xmlunit-core-2.6.3.jar;C:\apache-maven-3.3.9\Repository\org\springframework\boot\spring-boot-configuration-processor\2.2.1.RELEASE\spring-boot-configuration-processor-2.2.1.RELEASE.jar;"/>
    <property name="sun.cpu.endian" value="little"/>
    <property name="user.home" value="C:\Users\hhw"/>
    <property name="user.language" value="zh"/>
    <property name="java.specification.vendor" value="Oracle Corporation"/>
    <property name="java.home" value="C:\jdk1.8.0_211\jre"/>
    <property name="basedir" value="D:\GitHub\Java_study\Spring_boot\springboot003-config"/>
    <property name="file.separator" value="\"/>
    <property name="line.separator" value="&#10;"/>
    <property name="java.vm.specification.vendor" value="Oracle Corporation"/>
    <property name="java.specification.name" value="Java Platform API Specification"/>
    <property name="java.awt.graphicsenv" value="sun.awt.Win32GraphicsEnvironment"/>
    <property name="surefire.real.class.path" value="C:\Users\hhw\AppData\Local\Temp\surefire1400743756226298562\surefirebooter2046613677637352183.jar"/>
    <property name="sun.boot.class.path" value="C:\jdk1.8.0_211\jre\lib\resources.jar;C:\jdk1.8.0_211\jre\lib\rt.jar;C:\jdk1.8.0_211\jre\lib\sunrsasign.jar;C:\jdk1.8.0_211\jre\lib\jsse.jar;C:\jdk1.8.0_211\jre\lib\jce.jar;C:\jdk1.8.0_211\jre\lib\charsets.jar;C:\jdk1.8.0_211\jre\lib\jfr.jar;C:\jdk1.8.0_211\jre\classes"/>
    <property name="user.script" value=""/>
    <property name="sun.management.compiler" value="HotSpot 64-Bit Tiered Compilers"/>
    <property name="java.runtime.version" value="1.8.0_211-b12"/>
    <property name="user.name" value="hhw"/>
    <property name="path.separator" value=";"/>
    <property name="os.version" value="10.0"/>
    <property name="java.endorsed.dirs" value="C:\jdk1.8.0_211\jre\lib\endorsed"/>
    <property name="java.runtime.name" value="Java(TM) SE Runtime Environment"/>
    <property name="file.encoding" value="GBK"/>
    <property name="java.vm.name" value="Java HotSpot(TM) 64-Bit Server VM"/>
    <property name="localRepository" value="C:\apache-maven-3.3.9\Repository"/>
    <property name="java.vendor.url.bug" value="http://bugreport.sun.com/bugreport/"/>
    <property name="java.io.tmpdir" value="C:\Users\hhw\AppData\Local\Temp\"/>
    <property name="idea.version" value="2017.2.2"/>
    <property name="java.version" value="1.8.0_211"/>
    <property name="user.dir" value="D:\GitHub\Java_study\Spring_boot\springboot003-config"/>
    <property name="os.arch" value="amd64"/>
    <property name="java.vm.specification.name" value="Java Virtual Machine Specification"/>
    <property name="java.awt.printerjob" value="sun.awt.windows.WPrinterJob"/>
    <property name="sun.os.patch.level" value=""/>
    <property name="java.library.path" value="C:\jdk1.8.0_211\jre\bin;C:\WINDOWS\Sun\Java\bin;C:\WINDOWS\system32;C:\WINDOWS;C:\jdk1.8.0_211\bin;C:\Windows\system32;C:\Windows;C:\Windows\System32\Wbem;C:\Windows\System32\WindowsPowerShell\v1.0\;C:\Windows\System32\OpenSSH\;C:\Program Files (x86)\NVIDIA Corporation\PhysX\Common;C:\Program Files (x86)\Microsoft SQL Server\140\Tools\Binn\;C:\Program Files (x86)\Microsoft SQL Server\Client SDK\ODBC\130\Tools\Binn\;C:\Program Files (x86)\Microsoft SQL Server\140\DTS\Binn\;C:\Program Files (x86)\Microsoft SQL Server\140\Tools\Binn\ManagementStudio\;C:\Program Files\Intel\WiFi\bin\;C:\Program Files\Common Files\Intel\WirelessCommon\;C:\Program Files\dotnet\;C:\Program Files\Microsoft SQL Server\130\Tools\Binn\;C:\Program Files\Microsoft SQL Server\Client SDK\ODBC\170\Tools\Binn\;D:\html\command;C:\Program Files (x86)\AOMEI Backupper;C:\WINDOWS\system32;C:\WINDOWS;C:\WINDOWS\System32\Wbem;C:\WINDOWS\System32\WindowsPowerShell\v1.0\;C:\WINDOWS\System32\OpenSSH\;C:\Program Files\NVIDIA Corporation\NVIDIA NvDLISR;C:\apache-maven-3.3.9\bin;C:\Users\hhw\AppData\Local\Microsoft\WindowsApps;C:\Users\hhw\AppData\Local\Programs\Python\Python35\Scripts;C:\Users\hhw\AppData\Local\Programs\Python\Python35;C:\Users\hhw\AppData\Local\Microsoft\WindowsApps;D:\Microsoft VS Code\bin;C:\Program Files (x86)\Graphviz2.38\bin;C:\Users\hhw\AppData\Local\GitHubDesktop\bin;D:\Anaconda;;."/>
    <property name="java.vm.info" value="mixed mode"/>
    <property name="java.vendor" value="Oracle Corporation"/>
    <property name="java.vm.version" value="25.211-b12"/>
    <property name="java.ext.dirs" value="C:\jdk1.8.0_211\jre\lib\ext;C:\WINDOWS\Sun\Java\lib\ext"/>
    <property name="sun.io.unicode.encoding" value="UnicodeLittle"/>
    <property name="maven.repo.local" value="C:\apache-maven-3.3.9\Repository"/>
    <property name="java.class.version" value="52.0"/>
  </properties>
  <testcase name="testHelloService" classname="com.athhw.springboot003config.Springboot003ConfigApplicationTests" time="0.243"/>
  <testcase name="contextLoads" classname="com.athhw.springboot003config.Springboot003ConfigApplicationTests" time="0.012"/>
</testsuite>